  [1m[35m (327.1ms)[0m  [1m[35mCREATE DATABASE "example_project_development" ENCODING = 'unicode'[0m
  [1m[35m (127.8ms)[0m  [1m[35mCREATE DATABASE "example_project_test" ENCODING = 'unicode'[0m
  [1m[35m (5.6ms)[0m  [1m[35mCREATE TABLE "schema_migrations" ("version" character varying NOT NULL PRIMARY KEY)[0m
  [1m[35m (6.1ms)[0m  [1m[35mCREATE TABLE "ar_internal_metadata" ("key" character varying NOT NULL PRIMARY KEY, "value" character varying, "created_at" timestamp(6) NOT NULL, "updated_at" timestamp(6) NOT NULL)[0m
  [1m[35m (0.3ms)[0m  [1m[34mSELECT pg_try_advisory_lock(6888379283319862860)[0m
  [1m[36mActiveRecord::SchemaMigration Pluck (0.5ms)[0m  [1m[34mSELECT "schema_migrations"."version" FROM "schema_migrations" ORDER BY "schema_migrations"."version" ASC[0m
Migrating to CreatePtUsers (20230315170125)
  [1m[36mTRANSACTION (0.6ms)[0m  [1m[35mBEGIN[0m
  [1m[35m (7.1ms)[0m  [1m[35mCREATE TABLE "pt_users" ("id" bigserial primary key, "username" character varying, "firstName" character varying, "lastName" character varying, "password_digest" character varying, "email" character varying, "created_at" timestamp(6) NOT NULL, "updated_at" timestamp(6) NOT NULL)[0m
  [1m[36mActiveRecord::SchemaMigration Create (0.6ms)[0m  [1m[32mINSERT INTO "schema_migrations" ("version") VALUES ($1) RETURNING "version"[0m  [["version", "20230315170125"]]
  [1m[36mTRANSACTION (0.8ms)[0m  [1m[35mCOMMIT[0m
Migrating to CreatePatients (20230316021542)
  [1m[35m (0.6ms)[0m  [1m[34mSELECT pg_advisory_unlock(6888379283319862860)[0m
  [1m[35m (0.2ms)[0m  [1m[34mSELECT pg_try_advisory_lock(6888379283319862860)[0m
  [1m[36mActiveRecord::SchemaMigration Pluck (0.6ms)[0m  [1m[34mSELECT "schema_migrations"."version" FROM "schema_migrations" ORDER BY "schema_migrations"."version" ASC[0m
Migrating to CreatePatients (20230316021542)
  [1m[36mTRANSACTION (0.3ms)[0m  [1m[35mBEGIN[0m
  [1m[35m (5.4ms)[0m  [1m[35mCREATE TABLE "patients" ("id" bigserial primary key, "firstName" character varying, "lastName" character varying, "DOB" character varying, "member_id" character varying, "onSet" character varying, "initialEvalDate" character varying, "dateOfSurgery" character varying, "typeOfSurgery" character varying, "diagnosisCode" character varying, "affectedRegion" character varying, "created_at" timestamp(6) NOT NULL, "updated_at" timestamp(6) NOT NULL)[0m
  [1m[36mActiveRecord::SchemaMigration Create (0.5ms)[0m  [1m[32mINSERT INTO "schema_migrations" ("version") VALUES ($1) RETURNING "version"[0m  [["version", "20230316021542"]]
  [1m[36mTRANSACTION (0.8ms)[0m  [1m[35mCOMMIT[0m
Migrating to CreateTests (20230316021558)
  [1m[36mTRANSACTION (0.6ms)[0m  [1m[35mBEGIN[0m
  [1m[35m (4.5ms)[0m  [1m[35mCREATE TABLE "tests" ("id" bigserial primary key, "requestFor" character varying, "serviceType" character varying, "setting" character varying, "dateOfInitialEval" character varying, "dateOfLastVisit" character varying, "conditionType" character varying, "diagnosisCode" character varying, "affectedRegion" character varying, "onSet" character varying, "typeOfSurgery" character varying, "dateOfSurgery" character varying, "cheifComplaint" character varying, "frequencyOfSymptoms" character varying, "impactOfSymptoms" character varying, "muscleStrength" character varying, "AROM_Limitations" character varying, "functionalLimitations" character varying, "formType" character varying, "ProgressSinceFirstVisit" character varying, "therapyVisitsToDate" integer, "pIwk" integer, "pI24hr" integer, "fmScore" integer, "created_at" timestamp(6) NOT NULL, "updated_at" timestamp(6) NOT NULL)[0m
  [1m[36mActiveRecord::SchemaMigration Create (0.3ms)[0m  [1m[32mINSERT INTO "schema_migrations" ("version") VALUES ($1) RETURNING "version"[0m  [["version", "20230316021558"]]
  [1m[36mTRANSACTION (1.1ms)[0m  [1m[35mCOMMIT[0m
  [1m[36mActiveRecord::InternalMetadata Load (0.8ms)[0m  [1m[34mSELECT "ar_internal_metadata".* FROM "ar_internal_metadata" WHERE "ar_internal_metadata"."key" = $1 LIMIT $2[0m  [["key", "environment"], ["LIMIT", 1]]
  [1m[36mTRANSACTION (0.1ms)[0m  [1m[35mBEGIN[0m
  [1m[36mActiveRecord::InternalMetadata Create (1.6ms)[0m  [1m[32mINSERT INTO "ar_internal_metadata" ("key", "value", "created_at", "updated_at") VALUES ($1, $2, $3, $4) RETURNING "key"[0m  [["key", "environment"], ["value", "development"], ["created_at", "2023-03-20 17:30:01.769379"], ["updated_at", "2023-03-20 17:30:01.769379"]]
  [1m[36mTRANSACTION (4.2ms)[0m  [1m[35mCOMMIT[0m
  [1m[35m (0.3ms)[0m  [1m[34mSELECT pg_advisory_unlock(6888379283319862860)[0m
  [1m[36mActiveRecord::SchemaMigration Pluck (1.0ms)[0m  [1m[34mSELECT "schema_migrations"."version" FROM "schema_migrations" ORDER BY "schema_migrations"."version" ASC[0m
  [1m[36mActiveRecord::SchemaMigration Pluck (1.5ms)[0m  [1m[34mSELECT "schema_migrations"."version" FROM "schema_migrations" ORDER BY "schema_migrations"."version" ASC[0m
  [1m[36mActiveRecord::SchemaMigration Pluck (0.6ms)[0m  [1m[34mSELECT "schema_migrations"."version" FROM "schema_migrations" ORDER BY "schema_migrations"."version" ASC[0m
  [1m[36mActiveRecord::SchemaMigration Pluck (0.6ms)[0m  [1m[34mSELECT "schema_migrations"."version" FROM "schema_migrations" ORDER BY "schema_migrations"."version" ASC[0m
  [1m[36mTRANSACTION (0.2ms)[0m  [1m[35mBEGIN[0m
  [1m[36mPatient Create (1.9ms)[0m  [1m[32mINSERT INTO "patients" ("firstName", "lastName", "DOB", "member_id", "onSet", "initialEvalDate", "dateOfSurgery", "typeOfSurgery", "diagnosisCode", "affectedRegion", "created_at", "updated_at") VALUES ($1, $2, $3, $4, $5, $6, $7, $8, $9, $10, $11, $12) RETURNING "id"[0m  [["firstName", "christian"], ["lastName", "cedeno"], ["DOB", "07/08/1996"], ["member_id", "WQ23145Y"], ["onSet", "02-11-44"], ["initialEvalDate", "04-23-1995"], ["dateOfSurgery", "12-31-2001"], ["typeOfSurgery", "Knee Surgery"], ["diagnosisCode", "M62.21"], ["affectedRegion", "left Leg"], ["created_at", "2023-03-21 02:40:35.645181"], ["updated_at", "2023-03-21 02:40:35.645181"]]
  [1m[36mTRANSACTION (5.1ms)[0m  [1m[35mCOMMIT[0m
  [1m[36mActiveRecord::SchemaMigration Pluck (0.6ms)[0m  [1m[34mSELECT "schema_migrations"."version" FROM "schema_migrations" ORDER BY "schema_migrations"."version" ASC[0m
  [1m[36mTRANSACTION (0.2ms)[0m  [1m[35mBEGIN[0m
  [1m[36mPatient Create (0.6ms)[0m  [1m[32mINSERT INTO "patients" ("firstName", "lastName", "DOB", "member_id", "onSet", "initialEvalDate", "dateOfSurgery", "typeOfSurgery", "diagnosisCode", "affectedRegion", "created_at", "updated_at") VALUES ($1, $2, $3, $4, $5, $6, $7, $8, $9, $10, $11, $12) RETURNING "id"[0m  [["firstName", "christian"], ["lastName", "cedeno"], ["DOB", "07/08/1996"], ["member_id", "WQ23145Y"], ["onSet", "02-11-44"], ["initialEvalDate", "04-23-1995"], ["dateOfSurgery", "12-31-2001"], ["typeOfSurgery", "Knee Surgery"], ["diagnosisCode", "M62.21"], ["affectedRegion", "left Leg"], ["created_at", "2023-03-21 02:41:44.901349"], ["updated_at", "2023-03-21 02:41:44.901349"]]
  [1m[36mTRANSACTION (0.9ms)[0m  [1m[35mCOMMIT[0m
